<?xml version="1.0" encoding="UTF-8"?>
<testsuite xmlns:xsi="http://www.w3.org/2001/XMLSchema-instance" xsi:noNamespaceSchemaLocation="https://maven.apache.org/surefire/maven-surefire-plugin/xsd/surefire-test-report-3.0.xsd" version="3.0" name="org.ems.AuthControllerTest" time="0.908" tests="36" errors="0" skipped="0" failures="0">
  <properties>
[...]
</properties>
  <testcase name="testLoginWithPasswordMissingUppercase" classname="org.ems.AuthControllerTest" time="0.011">
    <system-out><![CDATA[2026-04-16T22:31:13.708+05:30  INFO 11124 --- [           main] t.c.s.AnnotationConfigContextLoaderUtils : Could not detect default configuration classes for test class [org.ems.AuthControllerTest]: AuthControllerTest does not declare any static, non-private, non-final, nested classes annotated with @Configuration.
2026-04-16T22:31:13.730+05:30  INFO 11124 --- [           main] .b.t.c.SpringBootTestContextBootstrapper : Found @SpringBootConfiguration org.ems.Main for test class org.ems.AuthControllerTest
2026-04-16T22:31:13.870+05:30  INFO 11124 --- [           main] org.ems.AuthControllerTest               : Starting AuthControllerTest using Java 25.0.2 with PID 11124 (started by DevarajMathivanan in C:\EMS_PROJECT\ems_project_with _unit_testcases\ems_project_with _unit_testcases)
2026-04-16T22:31:13.878+05:30  INFO 11124 --- [           main] org.ems.AuthControllerTest               : No active profile set, falling back to 1 default profile: "default"
2026-04-16T22:31:14.087+05:30  INFO 11124 --- [           main] o.s.b.a.w.s.WelcomePageHandlerMapping    : Adding welcome page: class path resource [static/index.html]
2026-04-16T22:31:14.154+05:30  INFO 11124 --- [           main] o.s.b.t.m.w.SpringBootMockServletContext : Initializing Spring TestDispatcherServlet ''
2026-04-16T22:31:14.154+05:30  INFO 11124 --- [           main] o.s.t.web.servlet.TestDispatcherServlet  : Initializing Servlet ''
2026-04-16T22:31:14.155+05:30  INFO 11124 --- [           main] o.s.t.web.servlet.TestDispatcherServlet  : Completed initialization in 1 ms
2026-04-16T22:31:14.161+05:30  INFO 11124 --- [           main] org.ems.AuthControllerTest               : Started AuthControllerTest in 0.425 seconds (process running for 5.442)
]]></system-out>
  </testcase>
  <testcase name="testAdminLoginWithInvalidEmail" classname="org.ems.AuthControllerTest" time="0.005"/>
  <testcase name="testLoginWithPasswordContainingCommas" classname="org.ems.AuthControllerTest" time="0.006"/>
  <testcase name="testLoginWithAdminUser" classname="org.ems.AuthControllerTest" time="0.006"/>
  <testcase name="testLoginWithValidCredentials" classname="org.ems.AuthControllerTest" time="0.005"/>
  <testcase name="testLoginWithPasswordMissingNumber" classname="org.ems.AuthControllerTest" time="0.004"/>
  <testcase name="testRegisterWithEmptyFullName" classname="org.ems.AuthControllerTest" time="0.008"/>
  <testcase name="testRegisterWithPasswordHavingSpaces" classname="org.ems.AuthControllerTest" time="0.006"/>
  <testcase name="testResetPasswordWithPasswordHavingSpaces" classname="org.ems.AuthControllerTest" time="0.004"/>
  <testcase name="testLoginWithPasswordContainingSpaces" classname="org.ems.AuthControllerTest" time="0.004"/>
  <testcase name="testLoginWithInvalidEmailFormat" classname="org.ems.AuthControllerTest" time="0.005"/>
  <testcase name="testRegisterWithFullNameStartingWithSpace" classname="org.ems.AuthControllerTest" time="0.003"/>
  <testcase name="testAdminLoginWithNonAdminUser" classname="org.ems.AuthControllerTest" time="0.006"/>
  <testcase name="testRegisterWithExistingEmail" classname="org.ems.AuthControllerTest" time="0.005"/>
  <testcase name="testRegisterWithFullNameTooShort" classname="org.ems.AuthControllerTest" time="0.008"/>
  <testcase name="testResetPasswordWithInvalidEmail" classname="org.ems.AuthControllerTest" time="0.004"/>
  <testcase name="testResetPasswordWithUnregisteredEmail" classname="org.ems.AuthControllerTest" time="0.004"/>
  <testcase name="testLoginWithEmailContainingSpaces" classname="org.ems.AuthControllerTest" time="0.006"/>
  <testcase name="testLoginWithPasswordTooShort" classname="org.ems.AuthControllerTest" time="0.006"/>
  <testcase name="testLoginWithEmptyEmail" classname="org.ems.AuthControllerTest" time="0.004"/>
  <testcase name="testRegisterWithFullNameTooLong" classname="org.ems.AuthControllerTest" time="0.006"/>
  <testcase name="testResetPasswordWithValidData" classname="org.ems.AuthControllerTest" time="0.005"/>
  <testcase name="testRegisterWithValidData" classname="org.ems.AuthControllerTest" time="0.004"/>
  <testcase name="testLoginWithPasswordMissingSpecialChar" classname="org.ems.AuthControllerTest" time="0.004"/>
  <testcase name="testLoginWithUppercaseEmail" classname="org.ems.AuthControllerTest" time="0.005"/>
  <testcase name="testLoginWithPasswordTooLong" classname="org.ems.AuthControllerTest" time="0.005"/>
  <testcase name="testRegisterWithFullNameEndingWithSpace" classname="org.ems.AuthControllerTest" time="0.004"/>
  <testcase name="testResetPasswordWithAdminEmail" classname="org.ems.AuthControllerTest" time="0.004"/>
  <testcase name="testLoginWithPasswordMissingLowercase" classname="org.ems.AuthControllerTest" time="0.005"/>
  <testcase name="testLoginWithEmailTooLong" classname="org.ems.AuthControllerTest" time="0.004"/>
  <testcase name="testLoginWithInvalidCredentials" classname="org.ems.AuthControllerTest" time="0.005"/>
  <testcase name="testRegisterWithInvalidEmail" classname="org.ems.AuthControllerTest" time="0.003"/>
  <testcase name="testAdminLoginWithValidCredentials" classname="org.ems.AuthControllerTest" time="0.005"/>
  <testcase name="testRegisterWithFullNameWithInvalidChars" classname="org.ems.AuthControllerTest" time="0.004"/>
  <testcase name="testResetPasswordWithMismatchedPasswords" classname="org.ems.AuthControllerTest" time="0.003"/>
  <testcase name="testLoginWithInvalidSpecialCharsInEmail" classname="org.ems.AuthControllerTest" time="0.004"/>
</testsuite>